<?xml version="1.0" encoding="UTF-8"?>
<!-- Generated by org.testng.reporters.JUnitReportReporter -->
<testsuite hostname="PQA-0718LT" failures="0" tests="4" name="runners.MainRunner" time="15.619" errors="0" timestamp="2023-07-11T11:30:55 PDT" skipped="0">
  <testcase classname="runners.MainRunner" name="runScenario" time="2.477"/>
  <system-out/>
  <testcase classname="runners.MainRunner" name="runScenario" time="5.192"/>
  <system-out/>
  <testcase classname="runners.MainRunner" name="runScenario" time="5.461"/>
  <system-out/>
  <testcase classname="runners.MainRunner" name="runScenario" time="2.489"/>
  <system-out/>
</testsuite> <!-- runners.MainRunner -->
